<?xml version="1.0" encoding="UTF-8"?>
<!-- Generated by org.testng.reporters.JUnitXMLReporter -->
<testsuite ignored="0" hostname="DESKTOP-8URFB1B" failures="0" tests="7" name="Default test" time="1522.695" errors="0" timestamp="2021-07-27T23:05:04 PKT">
  <testcase classname="tests.BrokenLinksTest" name="brokenLinksOnResetPasswordPage" time="69.534"/>
  <testcase classname="tests.BrokenLinksTest" name="brokenLinksOnLocateDealerPage" time="71.115"/>
  <testcase classname="tests.BrokenLinksTest" name="brokenLinksOnRecallNewsPage" time="54.533"/>
  <testcase classname="tests.BrokenLinksTest" name="brokenLinksOnLoginPage" time="45.34"/>
  <testcase classname="tests.BrokenLinksTest" name="validateLinks" time="24.434"/>
  <testcase classname="tests.BrokenLinksTest" name="brokenLinksOnCreateAccountPage" time="70.785"/>
  <testcase classname="tests.BrokenLinksTest" name="brokenLinksOnAfterLoggedInPage" time="1182.81"/>
</testsuite> <!-- Default test -->
